{"uid":"eda4ccd023a8e38e","name":"test_001[admin-123456]","fullName":"case.wms.test_login_wms#test_001","historyId":"12ba77e47cf3f18a8f6d4e288fa8e5b9","time":{"start":1741086287955,"stop":1741086307806,"duration":19851},"status":"broken","statusMessage":"selenium.common.exceptions.TimeoutException: Message: \nStacktrace:\n0   chromedriver                        0x0000000100a3e7b8 cxxbridge1$str$ptr + 2598452\n1   chromedriver                        0x0000000100a36ff8 cxxbridge1$str$ptr + 2567796\n2   chromedriver                        0x00000001005d7f0c cxxbridge1$string$len + 88260\n3   chromedriver                        0x000000010061d000 cxxbridge1$string$len + 371128\n4   chromedriver                        0x0000000100657148 cxxbridge1$string$len + 609024\n5   chromedriver                        0x0000000100610e1c cxxbridge1$string$len + 321492\n6   chromedriver                        0x0000000100611a64 cxxbridge1$string$len + 324636\n7   chromedriver                        0x0000000100a096d4 cxxbridge1$str$ptr + 2381136\n8   chromedriver                        0x0000000100a0c9f4 cxxbridge1$str$ptr + 2394224\n9   chromedriver                        0x00000001009f003c cxxbridge1$str$ptr + 2277048\n10  chromedriver                        0x0000000100a0d2b4 cxxbridge1$str$ptr + 2396464\n11  chromedriver                        0x00000001009e1c04 cxxbridge1$str$ptr + 2218624\n12  chromedriver                        0x0000000100a27d60 cxxbridge1$str$ptr + 2505692\n13  chromedriver                        0x0000000100a27edc cxxbridge1$str$ptr + 2506072\n14  chromedriver                        0x0000000100a36c6c cxxbridge1$str$ptr + 2566888\n15  libsystem_pthread.dylib             0x000000018beef2e4 _pthread_start + 136\n16  libsystem_pthread.dylib             0x000000018beea0fc thread_start + 8","statusTrace":"drivers = <selenium.webdriver.chrome.webdriver.WebDriver (session=\"3608d5392dae037140f3da35f8906a13\")>\nusername = 'admin', password = '123456'\n\n    @pytest.mark.login_test\n    @pytest.mark.parametrize('username, password', read_csv_file(r'data/data.csv'))\n    def test_001(drivers, username, password):\n        form_gen = WmsElements(drivers)\n        form_gen.username = username\n        form_gen.password = password\n        form_gen.image_input = '2'\n        form_gen.click_log_in_button()\n        time.sleep(5)\n>       assert form_gen.login_fail.text == \"仓库管理系统\"\n\ncase/wms/test_login_wms.py:39: \n_ _ _ _ _ _ _ _ _ _ _ _ _ _ _ _ _ _ _ _ _ _ _ _ _ _ _ _ _ _ _ _ _ _ _ _ _ _ _ _ \npage/basePage.py:77: in __get__\n    return WebDriverWait(context, 5, 1).until(lambda x: x.find_element(*self.locator))\n_ _ _ _ _ _ _ _ _ _ _ _ _ _ _ _ _ _ _ _ _ _ _ _ _ _ _ _ _ _ _ _ _ _ _ _ _ _ _ _ \n\nself = <selenium.webdriver.support.wait.WebDriverWait (session=\"3608d5392dae037140f3da35f8906a13\")>\nmethod = <function PageElement.__get__.<locals>.<lambda> at 0x7fac1000b670>\nmessage = ''\n\n    def until(self, method: Callable[[D], Union[Literal[False], T]], message: str = \"\") -> T:\n        \"\"\"Calls the method provided with the driver as an argument until the \\\n        return value does not evaluate to ``False``.\n    \n        :param method: callable(WebDriver)\n        :param message: optional message for :exc:`TimeoutException`\n        :returns: the result of the last call to `method`\n        :raises: :exc:`selenium.common.exceptions.TimeoutException` if timeout occurs\n        \"\"\"\n        screen = None\n        stacktrace = None\n    \n        end_time = time.monotonic() + self._timeout\n        while True:\n            try:\n                value = method(self._driver)\n                if value:\n                    return value\n            except self._ignored_exceptions as exc:\n                screen = getattr(exc, \"screen\", None)\n                stacktrace = getattr(exc, \"stacktrace\", None)\n            if time.monotonic() > end_time:\n                break\n            time.sleep(self._poll)\n>       raise TimeoutException(message, screen, stacktrace)\nE       selenium.common.exceptions.TimeoutException: Message: \nE       Stacktrace:\nE       0   chromedriver                        0x0000000100a3e7b8 cxxbridge1$str$ptr + 2598452\nE       1   chromedriver                        0x0000000100a36ff8 cxxbridge1$str$ptr + 2567796\nE       2   chromedriver                        0x00000001005d7f0c cxxbridge1$string$len + 88260\nE       3   chromedriver                        0x000000010061d000 cxxbridge1$string$len + 371128\nE       4   chromedriver                        0x0000000100657148 cxxbridge1$string$len + 609024\nE       5   chromedriver                        0x0000000100610e1c cxxbridge1$string$len + 321492\nE       6   chromedriver                        0x0000000100611a64 cxxbridge1$string$len + 324636\nE       7   chromedriver                        0x0000000100a096d4 cxxbridge1$str$ptr + 2381136\nE       8   chromedriver                        0x0000000100a0c9f4 cxxbridge1$str$ptr + 2394224\nE       9   chromedriver                        0x00000001009f003c cxxbridge1$str$ptr + 2277048\nE       10  chromedriver                        0x0000000100a0d2b4 cxxbridge1$str$ptr + 2396464\nE       11  chromedriver                        0x00000001009e1c04 cxxbridge1$str$ptr + 2218624\nE       12  chromedriver                        0x0000000100a27d60 cxxbridge1$str$ptr + 2505692\nE       13  chromedriver                        0x0000000100a27edc cxxbridge1$str$ptr + 2506072\nE       14  chromedriver                        0x0000000100a36c6c cxxbridge1$str$ptr + 2566888\nE       15  libsystem_pthread.dylib             0x000000018beef2e4 _pthread_start + 136\nE       16  libsystem_pthread.dylib             0x000000018beea0fc thread_start + 8\n\n/Library/Frameworks/Python.framework/Versions/3.8/lib/python3.8/site-packages/selenium/webdriver/support/wait.py:105: TimeoutException","flaky":false,"newFailed":false,"newBroken":false,"newPassed":false,"retriesCount":0,"retriesStatusChange":false,"beforeStages":[{"name":"drivers","time":{"start":1741086273011,"stop":1741086278344,"duration":5333},"status":"passed","steps":[],"attachments":[],"parameters":[],"stepsCount":0,"hasContent":false,"shouldDisplayMessage":false,"attachmentsCount":0,"attachmentStep":false},{"name":"open_baidu","time":{"start":1741086278344,"stop":1741086287954,"duration":9610},"status":"passed","steps":[],"attachments":[],"parameters":[],"stepsCount":0,"hasContent":false,"shouldDisplayMessage":false,"attachmentsCount":0,"attachmentStep":false}],"testStage":{"status":"broken","statusMessage":"selenium.common.exceptions.TimeoutException: Message: \nStacktrace:\n0   chromedriver                        0x0000000100a3e7b8 cxxbridge1$str$ptr + 2598452\n1   chromedriver                        0x0000000100a36ff8 cxxbridge1$str$ptr + 2567796\n2   chromedriver                        0x00000001005d7f0c cxxbridge1$string$len + 88260\n3   chromedriver                        0x000000010061d000 cxxbridge1$string$len + 371128\n4   chromedriver                        0x0000000100657148 cxxbridge1$string$len + 609024\n5   chromedriver                        0x0000000100610e1c cxxbridge1$string$len + 321492\n6   chromedriver                        0x0000000100611a64 cxxbridge1$string$len + 324636\n7   chromedriver                        0x0000000100a096d4 cxxbridge1$str$ptr + 2381136\n8   chromedriver                        0x0000000100a0c9f4 cxxbridge1$str$ptr + 2394224\n9   chromedriver                        0x00000001009f003c cxxbridge1$str$ptr + 2277048\n10  chromedriver                        0x0000000100a0d2b4 cxxbridge1$str$ptr + 2396464\n11  chromedriver                        0x00000001009e1c04 cxxbridge1$str$ptr + 2218624\n12  chromedriver                        0x0000000100a27d60 cxxbridge1$str$ptr + 2505692\n13  chromedriver                        0x0000000100a27edc cxxbridge1$str$ptr + 2506072\n14  chromedriver                        0x0000000100a36c6c cxxbridge1$str$ptr + 2566888\n15  libsystem_pthread.dylib             0x000000018beef2e4 _pthread_start + 136\n16  libsystem_pthread.dylib             0x000000018beea0fc thread_start + 8","statusTrace":"drivers = <selenium.webdriver.chrome.webdriver.WebDriver (session=\"3608d5392dae037140f3da35f8906a13\")>\nusername = 'admin', password = '123456'\n\n    @pytest.mark.login_test\n    @pytest.mark.parametrize('username, password', read_csv_file(r'data/data.csv'))\n    def test_001(drivers, username, password):\n        form_gen = WmsElements(drivers)\n        form_gen.username = username\n        form_gen.password = password\n        form_gen.image_input = '2'\n        form_gen.click_log_in_button()\n        time.sleep(5)\n>       assert form_gen.login_fail.text == \"仓库管理系统\"\n\ncase/wms/test_login_wms.py:39: \n_ _ _ _ _ _ _ _ _ _ _ _ _ _ _ _ _ _ _ _ _ _ _ _ _ _ _ _ _ _ _ _ _ _ _ _ _ _ _ _ \npage/basePage.py:77: in __get__\n    return WebDriverWait(context, 5, 1).until(lambda x: x.find_element(*self.locator))\n_ _ _ _ _ _ _ _ _ _ _ _ _ _ _ _ _ _ _ _ _ _ _ _ _ _ _ _ _ _ _ _ _ _ _ _ _ _ _ _ \n\nself = <selenium.webdriver.support.wait.WebDriverWait (session=\"3608d5392dae037140f3da35f8906a13\")>\nmethod = <function PageElement.__get__.<locals>.<lambda> at 0x7fac1000b670>\nmessage = ''\n\n    def until(self, method: Callable[[D], Union[Literal[False], T]], message: str = \"\") -> T:\n        \"\"\"Calls the method provided with the driver as an argument until the \\\n        return value does not evaluate to ``False``.\n    \n        :param method: callable(WebDriver)\n        :param message: optional message for :exc:`TimeoutException`\n        :returns: the result of the last call to `method`\n        :raises: :exc:`selenium.common.exceptions.TimeoutException` if timeout occurs\n        \"\"\"\n        screen = None\n        stacktrace = None\n    \n        end_time = time.monotonic() + self._timeout\n        while True:\n            try:\n                value = method(self._driver)\n                if value:\n                    return value\n            except self._ignored_exceptions as exc:\n                screen = getattr(exc, \"screen\", None)\n                stacktrace = getattr(exc, \"stacktrace\", None)\n            if time.monotonic() > end_time:\n                break\n            time.sleep(self._poll)\n>       raise TimeoutException(message, screen, stacktrace)\nE       selenium.common.exceptions.TimeoutException: Message: \nE       Stacktrace:\nE       0   chromedriver                        0x0000000100a3e7b8 cxxbridge1$str$ptr + 2598452\nE       1   chromedriver                        0x0000000100a36ff8 cxxbridge1$str$ptr + 2567796\nE       2   chromedriver                        0x00000001005d7f0c cxxbridge1$string$len + 88260\nE       3   chromedriver                        0x000000010061d000 cxxbridge1$string$len + 371128\nE       4   chromedriver                        0x0000000100657148 cxxbridge1$string$len + 609024\nE       5   chromedriver                        0x0000000100610e1c cxxbridge1$string$len + 321492\nE       6   chromedriver                        0x0000000100611a64 cxxbridge1$string$len + 324636\nE       7   chromedriver                        0x0000000100a096d4 cxxbridge1$str$ptr + 2381136\nE       8   chromedriver                        0x0000000100a0c9f4 cxxbridge1$str$ptr + 2394224\nE       9   chromedriver                        0x00000001009f003c cxxbridge1$str$ptr + 2277048\nE       10  chromedriver                        0x0000000100a0d2b4 cxxbridge1$str$ptr + 2396464\nE       11  chromedriver                        0x00000001009e1c04 cxxbridge1$str$ptr + 2218624\nE       12  chromedriver                        0x0000000100a27d60 cxxbridge1$str$ptr + 2505692\nE       13  chromedriver                        0x0000000100a27edc cxxbridge1$str$ptr + 2506072\nE       14  chromedriver                        0x0000000100a36c6c cxxbridge1$str$ptr + 2566888\nE       15  libsystem_pthread.dylib             0x000000018beef2e4 _pthread_start + 136\nE       16  libsystem_pthread.dylib             0x000000018beea0fc thread_start + 8\n\n/Library/Frameworks/Python.framework/Versions/3.8/lib/python3.8/site-packages/selenium/webdriver/support/wait.py:105: TimeoutException","steps":[],"attachments":[{"uid":"32e9a5be63f6ef01","name":"log","source":"32e9a5be63f6ef01.txt","type":"text/plain","size":368}],"parameters":[],"stepsCount":0,"hasContent":true,"shouldDisplayMessage":true,"attachmentsCount":1,"attachmentStep":false},"afterStages":[{"name":"drivers::0","time":{"start":1741086307849,"stop":1741086307930,"duration":81},"status":"passed","steps":[],"attachments":[],"parameters":[],"stepsCount":0,"hasContent":false,"shouldDisplayMessage":false,"attachmentsCount":0,"attachmentStep":false},{"name":"open_baidu::0","time":{"start":1741086307849,"stop":1741086307849,"duration":0},"status":"passed","steps":[],"attachments":[],"parameters":[],"stepsCount":0,"hasContent":false,"shouldDisplayMessage":false,"attachmentsCount":0,"attachmentStep":false}],"labels":[{"name":"tag","value":"login_test"},{"name":"parentSuite","value":"case.wms"},{"name":"suite","value":"test_login_wms"},{"name":"host","value":"chudeMacBook-Air.local"},{"name":"thread","value":"63057-MainThread"},{"name":"framework","value":"pytest"},{"name":"language","value":"cpython3"},{"name":"package","value":"case.wms.test_login_wms"},{"name":"resultFormat","value":"allure2"}],"parameters":[{"name":"password","value":"'123456'"},{"name":"username","value":"'admin'"}],"links":[],"hidden":false,"retry":false,"extra":{"severity":"normal","retries":[],"categories":[{"name":"Test defects","matchedStatuses":[],"flaky":false}],"tags":["login_test"]},"source":"eda4ccd023a8e38e.json","parameterValues":["'123456'","'admin'"]}